# JRE version: OpenJDK Runtime Environment (11.0.8) (build 11.0.8+0-b944-P17168821)
# Java VM: OpenJDK 64-Bit Server VM (11.0.8+0-b944-6842174, mixed mode, tiered, compressed oops, g1 gc, linux-amd64)
Heap:
 garbage-first heap   total 831488K, used 162718K [0x0000000080000000, 0x0000000100000000)
  region size 1024K, 4 young (4096K), 4 survivors (4096K)
 Metaspace       used 138735K, capacity 141716K, committed 149328K, reserved 1179648K
  class space    used 16855K, capacity 17928K, committed 19104K, reserved 1048576K
GC Heap History (20 events):
Event: 10245,886 GC heap after
{Heap after GC invocations=74 (full 1):
 garbage-first heap   total 286720K, used 180980K [0x0000000080000000, 0x0000000100000000)
  region size 1024K, 3 young (3072K), 3 survivors (3072K)
 Metaspace       used 138461K, capacity 141359K, committed 149328K, reserved 1179648K
  class space    used 16851K, capacity 17920K, committed 19104K, reserved 1048576K
}
Event: 10245,955 GC heap before
{Heap before GC invocations=74 (full 1):
 garbage-first heap   total 286720K, used 199412K [0x0000000080000000, 0x0000000100000000)
  region size 1024K, 21 young (21504K), 3 survivors (3072K)
 Metaspace       used 138461K, capacity 141359K, committed 149328K, reserved 1179648K
  class space    used 16851K, capacity 17920K, committed 19104K, reserved 1048576K
}
Event: 10246,011 GC heap after
{Heap after GC invocations=75 (full 1):
 garbage-first heap   total 286720K, used 199414K [0x0000000080000000, 0x0000000100000000)
  region size 1024K, 3 young (3072K), 3 survivors (3072K)
 Metaspace       used 138461K, capacity 141359K, committed 149328K, reserved 1179648K
  class space    used 16851K, capacity 17920K, committed 19104K, reserved 1048576K
}
Event: 10246,204 GC heap before
{Heap before GC invocations=75 (full 1):
 garbage-first heap   total 286720K, used 214774K [0x0000000080000000, 0x0000000100000000)
  region size 1024K, 18 young (18432K), 3 survivors (3072K)
 Metaspace       used 138483K, capacity 141371K, committed 149328K, reserved 1179648K
  class space    used 16852K, capacity 17922K, committed 19104K, reserved 1048576K
}
Event: 10246,298 GC heap after
{Heap after GC invocations=76 (full 1):
 garbage-first heap   total 286720K, used 212726K [0x0000000080000000, 0x0000000100000000)
  region size 1024K, 3 young (3072K), 3 survivors (3072K)
 Metaspace       used 138483K, capacity 141371K, committed 149328K, reserved 1179648K
  class space    used 16852K, capacity 17922K, committed 19104K, reserved 1048576K
}
Event: 10246,483 GC heap before
{Heap before GC invocations=76 (full 1):
 garbage-first heap   total 286720K, used 227062K [0x0000000080000000, 0x0000000100000000)
  region size 1024K, 17 young (17408K), 3 survivors (3072K)
 Metaspace       used 138483K, capacity 141371K, committed 149328K, reserved 1179648K
  class space    used 16852K, capacity 17922K, committed 19104K, reserved 1048576K
}
Event: 10246,541 GC heap after
{Heap after GC invocations=77 (full 1):
 garbage-first heap   total 286720K, used 227574K [0x0000000080000000, 0x0000000100000000)
  region size 1024K, 3 young (3072K), 3 survivors (3072K)
 Metaspace       used 138483K, capacity 141371K, committed 149328K, reserved 1179648K
  class space    used 16852K, capacity 17922K, committed 19104K, reserved 1048576K
}
Event: 10246,575 GC heap before
{Heap before GC invocations=78 (full 1):
 garbage-first heap   total 286720K, used 238838K [0x0000000080000000, 0x0000000100000000)
  region size 1024K, 14 young (14336K), 3 survivors (3072K)
 Metaspace       used 138483K, capacity 141371K, committed 149328K, reserved 1179648K
  class space    used 16852K, capacity 17922K, committed 19104K, reserved 1048576K
}
Event: 10246,602 GC heap after
{Heap after GC invocations=79 (full 1):
 garbage-first heap   total 286720K, used 236790K [0x0000000080000000, 0x0000000100000000)
  region size 1024K, 2 young (2048K), 2 survivors (2048K)
 Metaspace       used 138483K, capacity 141371K, committed 149328K, reserved 1179648K
  class space    used 16852K, capacity 17922K, committed 19104K, reserved 1048576K
}
Event: 10246,648 GC heap before
{Heap before GC invocations=79 (full 1):
 garbage-first heap   total 286720K, used 249078K [0x0000000080000000, 0x0000000100000000)
  region size 1024K, 14 young (14336K), 2 survivors (2048K)
 Metaspace       used 138483K, capacity 141371K, committed 149328K, reserved 1179648K
  class space    used 16852K, capacity 17922K, committed 19104K, reserved 1048576K
}
Event: 10246,683 GC heap after
{Heap after GC invocations=80 (full 1):
 garbage-first heap   total 286720K, used 237814K [0x0000000080000000, 0x0000000100000000)
  region size 1024K, 2 young (2048K), 2 survivors (2048K)
 Metaspace       used 138483K, capacity 141371K, committed 149328K, reserved 1179648K
  class space    used 16852K, capacity 17922K, committed 19104K, reserved 1048576K
}
Event: 10246,727 GC heap before
{Heap before GC invocations=80 (full 1):
 garbage-first heap   total 286720K, used 250102K [0x0000000080000000, 0x0000000100000000)
  region size 1024K, 14 young (14336K), 2 survivors (2048K)
 Metaspace       used 138486K, capacity 141435K, committed 149328K, reserved 1179648K
  class space    used 16852K, capacity 17922K, committed 19104K, reserved 1048576K
}
Event: 10246,782 GC heap after
{Heap after GC invocations=81 (full 1):
 garbage-first heap   total 421888K, used 246518K [0x0000000080000000, 0x0000000100000000)
  region size 1024K, 2 young (2048K), 2 survivors (2048K)
 Metaspace       used 138486K, capacity 141435K, committed 149328K, reserved 1179648K
  class space    used 16852K, capacity 17922K, committed 19104K, reserved 1048576K
}
Event: 10247,937 GC heap before
{Heap before GC invocations=81 (full 1):
 garbage-first heap   total 421888K, used 196342K [0x0000000080000000, 0x0000000100000000)
  region size 1024K, 30 young (30720K), 2 survivors (2048K)
 Metaspace       used 138685K, capacity 141636K, committed 149328K, reserved 1179648K
  class space    used 16853K, capacity 17923K, committed 19104K, reserved 1048576K
}
Event: 10247,987 GC heap after
{Heap after GC invocations=82 (full 1):
 garbage-first heap   total 421888K, used 168694K [0x0000000080000000, 0x0000000100000000)
  region size 1024K, 2 young (2048K), 2 survivors (2048K)
 Metaspace       used 138685K, capacity 141636K, committed 149328K, reserved 1179648K
  class space    used 16853K, capacity 17923K, committed 19104K, reserved 1048576K
}
Event: 10248,581 GC heap before
{Heap before GC invocations=83 (full 1):
 garbage-first heap   total 421888K, used 204534K [0x0000000080000000, 0x0000000100000000)
  region size 1024K, 34 young (34816K), 2 survivors (2048K)
 Metaspace       used 138728K, capacity 141713K, committed 149328K, reserved 1179648K
  class space    used 16855K, capacity 17927K, committed 19104K, reserved 1048576K
}
Event: 10248,608 GC heap after
{Heap after GC invocations=84 (full 1):
 garbage-first heap   total 421888K, used 172552K [0x0000000080000000, 0x0000000100000000)
  region size 1024K, 4 young (4096K), 4 survivors (4096K)
 Metaspace       used 138728K, capacity 141713K, committed 149328K, reserved 1179648K
  class space    used 16855K, capacity 17927K, committed 19104K, reserved 1048576K
}
Event: 10248,788 GC heap before
{Heap before GC invocations=84 (full 1):
 garbage-first heap   total 421888K, used 188936K [0x0000000080000000, 0x0000000100000000)
  region size 1024K, 20 young (20480K), 4 survivors (4096K)
 Metaspace       used 138735K, capacity 141716K, committed 149328K, reserved 1179648K
  class space    used 16855K, capacity 17928K, committed 19104K, reserved 1048576K
}
Event: 10248,878 GC heap after
{Heap after GC invocations=85 (full 1):
 garbage-first heap   total 421888K, used 162143K [0x0000000080000000, 0x0000000100000000)
  region size 1024K, 3 young (3072K), 3 survivors (3072K)
 Metaspace       used 138735K, capacity 141716K, committed 149328K, reserved 1179648K
  class space    used 16855K, capacity 17928K, committed 19104K, reserved 1048576K
}
Event: 10248,926 GC heap before
{Heap before GC invocations=85 (full 1):
 garbage-first heap   total 421888K, used 163167K [0x0000000080000000, 0x0000000100000000)
  region size 1024K, 5 young (5120K), 3 survivors (3072K)
 Metaspace       used 138735K, capacity 141716K, committed 149328K, reserved 1179648K
  class space    used 16855K, capacity 17928K, committed 19104K, reserved 1048576K
}

